Line 152: Class MSComctlLib.ListView of control lvList was not a loaded control class.
Line 158: The property name _ExtentX in lvList is invalid.
Line 159: The property name _ExtentY in lvList is invalid.
Line 160: The property name View in lvList is invalid.
Line 161: The property name LabelEdit in lvList is invalid.
Line 162: The property name MultiSelect in lvList is invalid.
Line 163: The property name LabelWrap in lvList is invalid.
Line 164: The property name HideSelection in lvList is invalid.
Line 165: The property name FullRowSelect in lvList is invalid.
Line 166: The property name GridLines in lvList is invalid.
Line 167: The property name _Version in lvList is invalid.
Line 168: The property name Icons in lvList is invalid.
Line 169: The property name SmallIcons in lvList is invalid.
Line 183: The property name NumItems in lvList is invalid.
Line 187: The property name ColumnHeader(1) in lvList is invalid.
Line 192: The property name ColumnHeader(2) in lvList is invalid.
Line 197: The property name ColumnHeader(3) in lvList is invalid.
Line 202: The property name ColumnHeader(4) in lvList is invalid.
Line 207: The property name ColumnHeader(5) in lvList is invalid.
Line 212: The property name ColumnHeader(6) in lvList is invalid.
Line 217: The property name ColumnHeader(7) in lvList is invalid.
Line 222: The property name ColumnHeader(8) in lvList is invalid.
Line 227: The property name ColumnHeader(9) in lvList is invalid.
Line 232: The property name ColumnHeader(10) in lvList is invalid.
Line 237: The property name ColumnHeader(11) in lvList is invalid.
Line 242: The property name ColumnHeader(12) in lvList is invalid.
Line 247: The property name ColumnHeader(13) in lvList is invalid.
Line 252: The property name ColumnHeader(14) in lvList is invalid.
Line 257: The property name ColumnHeader(15) in lvList is invalid.
